<?xml version="1.0" encoding="UTF-8"?>
<!-- Generated by org.testng.reporters.JUnitReportReporter -->
<testsuite skipped="0" hostname="mkar-Lenovo-C360" name="com.mmt.Tests.HomepageTest" tests="1" failures="0" timestamp="24 Apr 2019 05:36:36 GMT" time="20.955" errors="0">
  <testcase name="verifyForFlightpageLocationTest" time="20.955" classname="com.mmt.Tests.HomepageTest"/>
</testsuite> <!-- com.mmt.Tests.HomepageTest -->
