<?xml version="1.0" encoding="UTF-8"?>
<!-- Generated by org.testng.reporters.JUnitReportReporter -->
<testsuite skipped="0" hostname="mkar-Lenovo-C360" name="com.mmt.Tests.HomepageTest" tests="1" failures="0" timestamp="25 Apr 2019 09:15:00 GMT" time="9.863" errors="0">
  <testcase name="verifyForFlightpageLocationTest" time="9.863" classname="com.mmt.Tests.HomepageTest"/>
</testsuite> <!-- com.mmt.Tests.HomepageTest -->
